0 info it worked if it ends with ok
1 verbose cli [ 'node', '/usr/local/bin/npm', 'install', 'x2js' ]
2 info using npm@1.3.14
3 info using node@v0.10.22
4 verbose cache add [ 'x2js', null ]
5 verbose cache add name=undefined spec="x2js" args=["x2js",null]
6 verbose parsed url { protocol: null,
6 verbose parsed url   slashes: null,
6 verbose parsed url   auth: null,
6 verbose parsed url   host: null,
6 verbose parsed url   port: null,
6 verbose parsed url   hostname: null,
6 verbose parsed url   hash: null,
6 verbose parsed url   search: null,
6 verbose parsed url   query: null,
6 verbose parsed url   pathname: 'x2js',
6 verbose parsed url   path: 'x2js',
6 verbose parsed url   href: 'x2js' }
7 silly lockFile b97d272f-x2js x2js
8 verbose lock x2js /Users/robert/.npm/b97d272f-x2js.lock
9 silly lockFile b97d272f-x2js x2js
10 silly lockFile b97d272f-x2js x2js
11 verbose addNamed [ 'x2js', '' ]
12 verbose addNamed [ null, '*' ]
13 silly lockFile 502674a6-x2js x2js@
14 verbose lock x2js@ /Users/robert/.npm/502674a6-x2js.lock
15 silly addNameRange { name: 'x2js', range: '*', hasData: false }
16 verbose url raw x2js
17 verbose url resolving [ 'https://registry.npmjs.org/', './x2js' ]
18 verbose url resolved https://registry.npmjs.org/x2js
19 info trying registry request attempt 1 at 21:48:07
20 http GET https://registry.npmjs.org/x2js
21 http 404 https://registry.npmjs.org/x2js
22 silly registry.get cb [ 404,
22 silly registry.get   { date: 'Thu, 20 Mar 2014 01:48:08 GMT',
22 silly registry.get     server: 'CouchDB/1.5.0 (Erlang OTP/R16B)',
22 silly registry.get     'content-type': 'application/json',
22 silly registry.get     via: '1.1 varnish',
22 silly registry.get     'cache-control': 'max-age=0',
22 silly registry.get     'content-length': '52',
22 silly registry.get     'accept-ranges': 'bytes',
22 silly registry.get     age: '0',
22 silly registry.get     'x-served-by': 'cache-v42-ASH, cache-jfk1024-JFK',
22 silly registry.get     'x-cache': 'MISS, MISS',
22 silly registry.get     'x-cache-hits': '0, 0',
22 silly registry.get     'x-timer': 'S1395280088.044971943,VS0,VS-1003,VE-921,VE90',
22 silly registry.get     'keep-alive': 'timeout=10, max=50',
22 silly registry.get     connection: 'Keep-Alive' } ]
23 silly lockFile 502674a6-x2js x2js@
24 silly lockFile 502674a6-x2js x2js@
25 error 404 'x2js' is not in the npm registry.
25 error 404 You should bug the author to publish it
25 error 404
25 error 404 Note that you can also install from a
25 error 404 tarball, folder, or http url, or git url.
26 error System Darwin 13.1.0
27 error command "node" "/usr/local/bin/npm" "install" "x2js"
28 error cwd /Users/robert/git/p1/js
29 error node -v v0.10.22
30 error npm -v 1.3.14
31 error code E404
32 verbose exit [ 1, true ]
